2017-12-21 15:24:23,015 log_configer2.py <module> [line:28] DEBUG This is debug message
2017-12-21 15:24:23,018 TestJson.py test_add1 [line:20] INFO test_add1 p1:3,p2:4,p3:7
2017-12-21 15:24:23,018 Calc.py __init__ [line:12] INFO Calc init 
2017-12-21 15:24:23,018 Calc.py add [line:16] INFO excute add 
2017-12-21 15:24:23,019 Calc.py add [line:17] INFO param1:3,param2:4
2017-12-21 15:24:23,019 TestJson.py test_add1 [line:20] INFO test_add1 p1:4,p2:5,p3:9
2017-12-21 15:24:23,020 Calc.py __init__ [line:12] INFO Calc init 
2017-12-21 15:24:23,020 Calc.py add [line:16] INFO excute add 
2017-12-21 15:24:23,020 Calc.py add [line:17] INFO param1:4,param2:5
2017-12-21 15:24:23,020 TestJson.py test_add1 [line:20] INFO test_add1 p1:5,p2:6,p3:10
2017-12-21 15:24:23,021 Calc.py __init__ [line:12] INFO Calc init 
2017-12-21 15:24:23,021 Calc.py add [line:16] INFO excute add 
2017-12-21 15:24:23,021 Calc.py add [line:17] INFO param1:5,param2:6
2017-12-21 15:24:33,713 log_configer2.py <module> [line:28] DEBUG This is debug message
2017-12-21 15:24:33,723 TestJson.py test_add1 [line:20] INFO test_add1 p1:3,p2:4,p3:7
2017-12-21 15:24:33,723 Calc.py __init__ [line:12] INFO Calc init 
2017-12-21 15:24:33,723 Calc.py add [line:16] INFO excute add 
2017-12-21 15:24:33,723 Calc.py add [line:17] INFO param1:3,param2:4
2017-12-21 15:24:33,723 TestJson.py test_add1 [line:20] INFO test_add1 p1:4,p2:5,p3:9
2017-12-21 15:24:33,723 Calc.py __init__ [line:12] INFO Calc init 
2017-12-21 15:24:33,723 Calc.py add [line:16] INFO excute add 
2017-12-21 15:24:33,723 Calc.py add [line:17] INFO param1:4,param2:5
2017-12-21 15:24:33,723 TestJson.py test_add1 [line:20] INFO test_add1 p1:5,p2:6,p3:10
2017-12-21 15:24:33,723 Calc.py __init__ [line:12] INFO Calc init 
2017-12-21 15:24:33,723 Calc.py add [line:16] INFO excute add 
2017-12-21 15:24:33,723 Calc.py add [line:17] INFO param1:5,param2:6
2017-12-21 15:30:52,567 log_configer2.py <module> [line:28] DEBUG This is debug message
2017-12-21 15:30:52,567 TestJson.py test_add1 [line:20] INFO test_add1 p1:3,p2:4,p3:7
2017-12-21 15:30:52,567 Calc.py __init__ [line:12] INFO Calc init 
2017-12-21 15:30:52,567 Calc.py add [line:16] INFO excute add 
2017-12-21 15:30:52,567 Calc.py add [line:17] INFO param1:3,param2:4
2017-12-21 15:30:52,567 TestJson.py test_add1 [line:20] INFO test_add1 p1:4,p2:5,p3:9
2017-12-21 15:30:52,567 Calc.py __init__ [line:12] INFO Calc init 
2017-12-21 15:30:52,567 Calc.py add [line:16] INFO excute add 
2017-12-21 15:30:52,567 Calc.py add [line:17] INFO param1:4,param2:5
2017-12-21 15:30:52,567 TestJson.py test_add1 [line:20] INFO test_add1 p1:5,p2:6,p3:10
2017-12-21 15:30:52,567 Calc.py __init__ [line:12] INFO Calc init 
2017-12-21 15:30:52,577 Calc.py add [line:16] INFO excute add 
2017-12-21 15:30:52,577 Calc.py add [line:17] INFO param1:5,param2:6
2017-12-21 15:31:37,960 log_configer2.py <module> [line:28] DEBUG This is debug message
2017-12-21 15:31:37,970 TestJson.py test_add1 [line:20] INFO test_add1 p1:3,p2:4,p3:7
2017-12-21 15:31:37,970 Calc.py __init__ [line:12] INFO Calc init 
2017-12-21 15:31:37,970 Calc.py add [line:16] INFO excute add 
2017-12-21 15:31:37,970 Calc.py add [line:17] INFO param1:3,param2:4
2017-12-21 15:31:37,970 TestJson.py test_add1 [line:20] INFO test_add1 p1:4,p2:5,p3:9
2017-12-21 15:31:37,970 Calc.py __init__ [line:12] INFO Calc init 
2017-12-21 15:31:37,970 Calc.py add [line:16] INFO excute add 
2017-12-21 15:31:37,970 Calc.py add [line:17] INFO param1:4,param2:5
2017-12-21 15:31:37,970 TestJson.py test_add1 [line:20] INFO test_add1 p1:5,p2:6,p3:10
2017-12-21 15:31:37,970 Calc.py __init__ [line:12] INFO Calc init 
2017-12-21 15:31:37,970 Calc.py add [line:16] INFO excute add 
2017-12-21 15:31:37,970 Calc.py add [line:17] INFO param1:5,param2:6
2017-12-21 15:31:46,657 log_configer2.py <module> [line:28] DEBUG This is debug message
2017-12-21 15:31:46,667 TestJson.py test_add1 [line:20] INFO test_add1 p1:3,p2:4,p3:7
2017-12-21 15:31:46,667 Calc.py __init__ [line:12] INFO Calc init 
2017-12-21 15:31:46,667 Calc.py add [line:16] INFO excute add 
2017-12-21 15:31:46,667 Calc.py add [line:17] INFO param1:3,param2:4
2017-12-21 15:31:46,667 TestJson.py test_add1 [line:20] INFO test_add1 p1:4,p2:5,p3:9
2017-12-21 15:31:46,667 Calc.py __init__ [line:12] INFO Calc init 
2017-12-21 15:31:46,667 Calc.py add [line:16] INFO excute add 
2017-12-21 15:31:46,667 Calc.py add [line:17] INFO param1:4,param2:5
2017-12-21 15:31:46,667 TestJson.py test_add1 [line:20] INFO test_add1 p1:5,p2:6,p3:10
2017-12-21 15:31:46,667 Calc.py __init__ [line:12] INFO Calc init 
2017-12-21 15:31:46,667 Calc.py add [line:16] INFO excute add 
2017-12-21 15:31:46,667 Calc.py add [line:17] INFO param1:5,param2:6
2017-12-21 15:36:41,577 log_configer2.py <module> [line:28] DEBUG This is debug message
2017-12-21 15:49:00,897 TestYaml.py test_add1 [line:20] INFO test_add1 p1:10,p2:10,p3:20
2017-12-21 15:49:00,897 Calc.py __init__ [line:12] INFO Calc init 
2017-12-21 15:49:00,897 Calc.py add [line:16] INFO excute add 
2017-12-21 15:49:00,897 Calc.py add [line:17] INFO param1:10,param2:10
2017-12-21 15:49:28,292 TestYaml.py test_add1 [line:20] INFO test_add1 p1:10,p2:10,r:20
2017-12-21 15:49:28,293 Calc.py __init__ [line:12] INFO Calc init 
2017-12-21 15:49:28,293 Calc.py add [line:16] INFO excute add 
2017-12-21 15:49:28,293 Calc.py add [line:17] INFO param1:10,param2:10
2017-12-21 15:49:52,162 TestYaml.py test_add1 [line:20] INFO test_add1 p1:10,p2:10,r:20
2017-12-21 15:49:52,163 Calc.py __init__ [line:12] INFO Calc init 
2017-12-21 15:49:52,163 Calc.py add [line:16] INFO excute add 
2017-12-21 15:49:52,163 Calc.py add [line:17] INFO param1:10,param2:10
2017-12-21 15:49:52,164 TestYaml.py test_add1 [line:20] INFO test_add1 p1:10,p2:20,r:30
2017-12-21 15:49:52,164 Calc.py __init__ [line:12] INFO Calc init 
2017-12-21 15:49:52,164 Calc.py add [line:16] INFO excute add 
2017-12-21 15:49:52,164 Calc.py add [line:17] INFO param1:10,param2:20
2017-12-21 15:50:22,457 TestYaml.py test_add1 [line:20] INFO test_add1 p1:10,p2:10,r:20
2017-12-21 15:50:22,457 Calc.py __init__ [line:12] INFO Calc init 
2017-12-21 15:50:22,457 Calc.py add [line:16] INFO excute add 
2017-12-21 15:50:22,458 Calc.py add [line:17] INFO param1:10,param2:10
2017-12-21 15:50:22,458 TestYaml.py test_add1 [line:20] INFO test_add1 p1:20,p2:20,r:30
2017-12-21 15:50:22,458 Calc.py __init__ [line:12] INFO Calc init 
2017-12-21 15:50:22,458 Calc.py add [line:16] INFO excute add 
2017-12-21 15:50:22,458 Calc.py add [line:17] INFO param1:20,param2:20
2017-12-21 15:50:30,218 TestJson.py test_add1 [line:20] INFO test_add1 p1:3,p2:4,p3:7
2017-12-21 15:50:30,218 Calc.py __init__ [line:12] INFO Calc init 
2017-12-21 15:50:30,218 Calc.py add [line:16] INFO excute add 
2017-12-21 15:50:30,218 Calc.py add [line:17] INFO param1:3,param2:4
2017-12-21 15:50:30,218 TestJson.py test_add1 [line:20] INFO test_add1 p1:4,p2:5,p3:9
2017-12-21 15:50:30,219 Calc.py __init__ [line:12] INFO Calc init 
2017-12-21 15:50:30,219 Calc.py add [line:16] INFO excute add 
2017-12-21 15:50:30,219 Calc.py add [line:17] INFO param1:4,param2:5
2017-12-21 15:50:30,219 TestJson.py test_add1 [line:20] INFO test_add1 p1:5,p2:6,p3:10
2017-12-21 15:50:30,219 Calc.py __init__ [line:12] INFO Calc init 
2017-12-21 15:50:30,219 Calc.py add [line:16] INFO excute add 
2017-12-21 15:50:30,219 Calc.py add [line:17] INFO param1:5,param2:6
2017-12-21 15:50:30,220 TestYaml.py test_add1 [line:20] INFO test_add1 p1:10,p2:10,r:20
2017-12-21 15:50:30,220 Calc.py __init__ [line:12] INFO Calc init 
2017-12-21 15:50:30,220 Calc.py add [line:16] INFO excute add 
2017-12-21 15:50:30,220 Calc.py add [line:17] INFO param1:10,param2:10
2017-12-21 15:50:30,220 TestYaml.py test_add1 [line:20] INFO test_add1 p1:20,p2:20,r:30
2017-12-21 15:50:30,220 Calc.py __init__ [line:12] INFO Calc init 
2017-12-21 15:50:30,220 Calc.py add [line:16] INFO excute add 
2017-12-21 15:50:30,221 Calc.py add [line:17] INFO param1:20,param2:20
2018-01-22 09:45:06,699 TestJson.py test_add1 [line:20] INFO test_add1 p1:3,p2:4,p3:7
2018-01-22 09:45:06,700 Calc.py __init__ [line:12] INFO Calc init 
2018-01-22 09:45:06,701 Calc.py add [line:16] INFO excute add 
2018-01-22 09:45:06,702 Calc.py add [line:17] INFO param1:3,param2:4
2018-01-22 09:45:06,704 TestJson.py test_add1 [line:20] INFO test_add1 p1:4,p2:5,p3:9
2018-01-22 09:45:06,705 Calc.py __init__ [line:12] INFO Calc init 
2018-01-22 09:45:06,706 Calc.py add [line:16] INFO excute add 
2018-01-22 09:45:06,707 Calc.py add [line:17] INFO param1:4,param2:5
2018-01-22 09:45:06,709 TestJson.py test_add1 [line:20] INFO test_add1 p1:5,p2:6,p3:10
2018-01-22 09:45:06,709 Calc.py __init__ [line:12] INFO Calc init 
2018-01-22 09:45:06,709 Calc.py add [line:16] INFO excute add 
2018-01-22 09:45:06,709 Calc.py add [line:17] INFO param1:5,param2:6
2018-01-22 09:45:06,709 TestYaml.py test_add1 [line:20] INFO test_add1 p1:10,p2:10,r:20
2018-01-22 09:45:06,709 Calc.py __init__ [line:12] INFO Calc init 
2018-01-22 09:45:06,709 Calc.py add [line:16] INFO excute add 
2018-01-22 09:45:06,719 Calc.py add [line:17] INFO param1:10,param2:10
2018-01-22 09:45:06,719 TestYaml.py test_add1 [line:20] INFO test_add1 p1:10,p2:20,r:30
2018-01-22 09:45:06,719 Calc.py __init__ [line:12] INFO Calc init 
2018-01-22 09:45:06,719 Calc.py add [line:16] INFO excute add 
2018-01-22 09:45:06,719 Calc.py add [line:17] INFO param1:10,param2:20
2018-01-22 09:45:06,719 TestYaml.py test_add1 [line:20] INFO test_add1 p1:20,p2:20,r:30
2018-01-22 09:45:06,719 Calc.py __init__ [line:12] INFO Calc init 
2018-01-22 09:45:06,719 Calc.py add [line:16] INFO excute add 
2018-01-22 09:45:06,719 Calc.py add [line:17] INFO param1:20,param2:20
2018-01-22 10:20:46,069 TestJson.py test_add1 [line:20] INFO test_add1 p1:3,p2:4,p3:7
2018-01-22 10:20:46,069 Calc.py __init__ [line:12] INFO Calc init 
2018-01-22 10:20:46,069 Calc.py add [line:16] INFO excute add 
2018-01-22 10:20:46,069 Calc.py add [line:17] INFO param1:3,param2:4
2018-01-22 10:20:46,069 TestJson.py test_add1 [line:20] INFO test_add1 p1:4,p2:5,p3:9
2018-01-22 10:20:46,069 Calc.py __init__ [line:12] INFO Calc init 
2018-01-22 10:20:46,070 Calc.py add [line:16] INFO excute add 
2018-01-22 10:20:46,070 Calc.py add [line:17] INFO param1:4,param2:5
2018-01-22 10:20:46,070 TestJson.py test_add1 [line:20] INFO test_add1 p1:5,p2:6,p3:10
2018-01-22 10:20:46,070 Calc.py __init__ [line:12] INFO Calc init 
2018-01-22 10:20:46,070 Calc.py add [line:16] INFO excute add 
2018-01-22 10:20:46,070 Calc.py add [line:17] INFO param1:5,param2:6
2018-01-22 10:20:46,071 TestYaml.py test_add1 [line:20] INFO test_add1 p1:10,p2:10,r:20
2018-01-22 10:20:46,071 Calc.py __init__ [line:12] INFO Calc init 
2018-01-22 10:20:46,071 Calc.py add [line:16] INFO excute add 
2018-01-22 10:20:46,071 Calc.py add [line:17] INFO param1:10,param2:10
2018-01-22 10:20:46,071 TestYaml.py test_add1 [line:20] INFO test_add1 p1:10,p2:20,r:30
2018-01-22 10:20:46,071 Calc.py __init__ [line:12] INFO Calc init 
2018-01-22 10:20:46,072 Calc.py add [line:16] INFO excute add 
2018-01-22 10:20:46,072 Calc.py add [line:17] INFO param1:10,param2:20
2018-01-22 10:20:46,072 TestYaml.py test_add1 [line:20] INFO test_add1 p1:20,p2:20,r:30
2018-01-22 10:20:46,072 Calc.py __init__ [line:12] INFO Calc init 
2018-01-22 10:20:46,072 Calc.py add [line:16] INFO excute add 
2018-01-22 10:20:46,072 Calc.py add [line:17] INFO param1:20,param2:20
2018-01-22 10:54:54,217 TestJson.py test_add1 [line:20] INFO test_add1 p1:3,p2:4,p3:7
2018-01-22 10:54:54,217 Calc.py __init__ [line:12] INFO Calc init 
2018-01-22 10:54:54,217 Calc.py add [line:16] INFO excute add 
2018-01-22 10:54:54,217 Calc.py add [line:17] INFO param1:3,param2:4
2018-01-22 10:54:54,217 TestJson.py test_add1 [line:20] INFO test_add1 p1:4,p2:5,p3:9
2018-01-22 10:54:54,217 Calc.py __init__ [line:12] INFO Calc init 
2018-01-22 10:54:54,217 Calc.py add [line:16] INFO excute add 
2018-01-22 10:54:54,217 Calc.py add [line:17] INFO param1:4,param2:5
2018-01-22 10:54:54,217 TestJson.py test_add1 [line:20] INFO test_add1 p1:5,p2:6,p3:10
2018-01-22 10:54:54,217 Calc.py __init__ [line:12] INFO Calc init 
2018-01-22 10:54:54,227 Calc.py add [line:16] INFO excute add 
2018-01-22 10:54:54,227 Calc.py add [line:17] INFO param1:5,param2:6
2018-01-22 10:54:54,227 TestYaml.py test_add1 [line:20] INFO test_add1 p1:10,p2:10,r:20
2018-01-22 10:54:54,227 Calc.py __init__ [line:12] INFO Calc init 
2018-01-22 10:54:54,227 Calc.py add [line:16] INFO excute add 
2018-01-22 10:54:54,227 Calc.py add [line:17] INFO param1:10,param2:10
2018-01-22 10:54:54,227 TestYaml.py test_add1 [line:20] INFO test_add1 p1:10,p2:20,r:30
2018-01-22 10:54:54,227 Calc.py __init__ [line:12] INFO Calc init 
2018-01-22 10:54:54,227 Calc.py add [line:16] INFO excute add 
2018-01-22 10:54:54,227 Calc.py add [line:17] INFO param1:10,param2:20
2018-01-22 10:54:54,227 TestYaml.py test_add1 [line:20] INFO test_add1 p1:20,p2:20,r:30
2018-01-22 10:54:54,227 Calc.py __init__ [line:12] INFO Calc init 
2018-01-22 10:54:54,227 Calc.py add [line:16] INFO excute add 
2018-01-22 10:54:54,227 Calc.py add [line:17] INFO param1:20,param2:20
2018-01-22 10:58:28,599 TestJson.py test_add1 [line:20] INFO test_add1 p1:3,p2:4,p3:7
2018-01-22 10:58:28,599 Calc.py __init__ [line:12] INFO Calc init 
2018-01-22 10:58:28,600 Calc.py add [line:16] INFO excute add 
2018-01-22 10:58:28,600 Calc.py add [line:17] INFO param1:3,param2:4
2018-01-22 10:58:28,600 TestJson.py test_add1 [line:20] INFO test_add1 p1:4,p2:5,p3:9
2018-01-22 10:58:28,600 Calc.py __init__ [line:12] INFO Calc init 
2018-01-22 10:58:28,600 Calc.py add [line:16] INFO excute add 
2018-01-22 10:58:28,600 Calc.py add [line:17] INFO param1:4,param2:5
2018-01-22 10:58:28,600 TestJson.py test_add1 [line:20] INFO test_add1 p1:5,p2:6,p3:10
2018-01-22 10:58:28,600 Calc.py __init__ [line:12] INFO Calc init 
2018-01-22 10:58:28,600 Calc.py add [line:16] INFO excute add 
2018-01-22 10:58:28,600 Calc.py add [line:17] INFO param1:5,param2:6
2018-01-22 10:58:28,601 TestYaml.py test_add1 [line:20] INFO test_add1 p1:10,p2:10,r:20
2018-01-22 10:58:28,602 Calc.py __init__ [line:12] INFO Calc init 
2018-01-22 10:58:28,602 Calc.py add [line:16] INFO excute add 
2018-01-22 10:58:28,602 Calc.py add [line:17] INFO param1:10,param2:10
2018-01-22 10:58:28,602 TestYaml.py test_add1 [line:20] INFO test_add1 p1:10,p2:20,r:30
2018-01-22 10:58:28,602 Calc.py __init__ [line:12] INFO Calc init 
2018-01-22 10:58:28,602 Calc.py add [line:16] INFO excute add 
2018-01-22 10:58:28,602 Calc.py add [line:17] INFO param1:10,param2:20
2018-01-22 10:58:28,603 TestYaml.py test_add1 [line:20] INFO test_add1 p1:20,p2:20,r:30
2018-01-22 10:58:28,603 Calc.py __init__ [line:12] INFO Calc init 
2018-01-22 10:58:28,603 Calc.py add [line:16] INFO excute add 
2018-01-22 10:58:28,603 Calc.py add [line:17] INFO param1:20,param2:20
2018-01-22 11:01:05,629 TestJson.py test_add1 [line:20] INFO test_add1 p1:3,p2:4,p3:7
2018-01-22 11:01:05,629 Calc.py __init__ [line:12] INFO Calc init 
2018-01-22 11:01:05,629 Calc.py add [line:16] INFO excute add 
2018-01-22 11:01:05,630 Calc.py add [line:17] INFO param1:3,param2:4
2018-01-22 11:01:05,630 TestJson.py test_add1 [line:20] INFO test_add1 p1:4,p2:5,p3:9
2018-01-22 11:01:05,630 Calc.py __init__ [line:12] INFO Calc init 
2018-01-22 11:01:05,630 Calc.py add [line:16] INFO excute add 
2018-01-22 11:01:05,630 Calc.py add [line:17] INFO param1:4,param2:5
2018-01-22 11:01:05,630 TestJson.py test_add1 [line:20] INFO test_add1 p1:5,p2:6,p3:10
2018-01-22 11:01:05,630 Calc.py __init__ [line:12] INFO Calc init 
2018-01-22 11:01:05,630 Calc.py add [line:16] INFO excute add 
2018-01-22 11:01:05,630 Calc.py add [line:17] INFO param1:5,param2:6
2018-01-22 11:01:05,631 TestYaml.py test_add1 [line:20] INFO test_add1 p1:10,p2:10,r:20
2018-01-22 11:01:05,631 Calc.py __init__ [line:12] INFO Calc init 
2018-01-22 11:01:05,631 Calc.py add [line:16] INFO excute add 
2018-01-22 11:01:05,631 Calc.py add [line:17] INFO param1:10,param2:10
2018-01-22 11:01:05,632 TestYaml.py test_add1 [line:20] INFO test_add1 p1:10,p2:20,r:30
2018-01-22 11:01:05,632 Calc.py __init__ [line:12] INFO Calc init 
2018-01-22 11:01:05,632 Calc.py add [line:16] INFO excute add 
2018-01-22 11:01:05,632 Calc.py add [line:17] INFO param1:10,param2:20
2018-01-22 11:01:05,632 TestYaml.py test_add1 [line:20] INFO test_add1 p1:20,p2:20,r:30
2018-01-22 11:01:05,632 Calc.py __init__ [line:12] INFO Calc init 
2018-01-22 11:01:05,632 Calc.py add [line:16] INFO excute add 
2018-01-22 11:01:05,632 Calc.py add [line:17] INFO param1:20,param2:20
2018-01-22 13:13:34,659 TestJson.py test_add1 [line:20] INFO test_add1 p1:3,p2:4,p3:7
2018-01-22 13:13:34,659 Calc.py __init__ [line:12] INFO Calc init 
2018-01-22 13:13:34,659 Calc.py add [line:16] INFO excute add 
2018-01-22 13:13:34,659 Calc.py add [line:17] INFO param1:3,param2:4
2018-01-22 13:13:34,659 TestJson.py test_add1 [line:20] INFO test_add1 p1:4,p2:5,p3:9
2018-01-22 13:13:34,659 Calc.py __init__ [line:12] INFO Calc init 
2018-01-22 13:13:34,659 Calc.py add [line:16] INFO excute add 
2018-01-22 13:13:34,659 Calc.py add [line:17] INFO param1:4,param2:5
2018-01-22 13:13:34,659 TestJson.py test_add1 [line:20] INFO test_add1 p1:5,p2:6,p3:10
2018-01-22 13:13:34,659 Calc.py __init__ [line:12] INFO Calc init 
2018-01-22 13:13:34,659 Calc.py add [line:16] INFO excute add 
2018-01-22 13:13:34,659 Calc.py add [line:17] INFO param1:5,param2:6
2018-01-22 13:13:34,659 TestYaml.py test_add1 [line:20] INFO test_add1 p1:10,p2:10,r:20
2018-01-22 13:13:34,659 Calc.py __init__ [line:12] INFO Calc init 
2018-01-22 13:13:34,659 Calc.py add [line:16] INFO excute add 
2018-01-22 13:13:34,659 Calc.py add [line:17] INFO param1:10,param2:10
2018-01-22 13:13:34,659 TestYaml.py test_add1 [line:20] INFO test_add1 p1:10,p2:20,r:30
2018-01-22 13:13:34,659 Calc.py __init__ [line:12] INFO Calc init 
2018-01-22 13:13:34,659 Calc.py add [line:16] INFO excute add 
2018-01-22 13:13:34,659 Calc.py add [line:17] INFO param1:10,param2:20
2018-01-22 13:13:34,659 TestYaml.py test_add1 [line:20] INFO test_add1 p1:20,p2:20,r:30
2018-01-22 13:13:34,659 Calc.py __init__ [line:12] INFO Calc init 
2018-01-22 13:13:34,659 Calc.py add [line:16] INFO excute add 
2018-01-22 13:13:34,659 Calc.py add [line:17] INFO param1:20,param2:20
2018-01-22 13:15:11,052 TestJson.py test_add1 [line:20] INFO test_add1 p1:3,p2:4,p3:7
2018-01-22 13:15:11,053 Calc.py __init__ [line:12] INFO Calc init 
2018-01-22 13:15:11,053 Calc.py add [line:16] INFO excute add 
2018-01-22 13:15:11,053 Calc.py add [line:17] INFO param1:3,param2:4
2018-01-22 13:15:11,053 TestJson.py test_add1 [line:20] INFO test_add1 p1:4,p2:5,p3:9
2018-01-22 13:15:11,053 Calc.py __init__ [line:12] INFO Calc init 
2018-01-22 13:15:11,053 Calc.py add [line:16] INFO excute add 
2018-01-22 13:15:11,054 Calc.py add [line:17] INFO param1:4,param2:5
2018-01-22 13:15:11,054 TestJson.py test_add1 [line:20] INFO test_add1 p1:5,p2:6,p3:10
2018-01-22 13:15:11,054 Calc.py __init__ [line:12] INFO Calc init 
2018-01-22 13:15:11,054 Calc.py add [line:16] INFO excute add 
2018-01-22 13:15:11,054 Calc.py add [line:17] INFO param1:5,param2:6
2018-01-22 13:15:11,055 TestYaml.py test_add1 [line:20] INFO test_add1 p1:10,p2:10,r:20
2018-01-22 13:15:11,056 Calc.py __init__ [line:12] INFO Calc init 
2018-01-22 13:15:11,056 Calc.py add [line:16] INFO excute add 
2018-01-22 13:15:11,057 Calc.py add [line:17] INFO param1:10,param2:10
2018-01-22 13:15:11,057 TestYaml.py test_add1 [line:20] INFO test_add1 p1:10,p2:20,r:30
2018-01-22 13:15:11,058 Calc.py __init__ [line:12] INFO Calc init 
2018-01-22 13:15:11,058 Calc.py add [line:16] INFO excute add 
2018-01-22 13:15:11,058 Calc.py add [line:17] INFO param1:10,param2:20
2018-01-22 13:15:11,058 TestYaml.py test_add1 [line:20] INFO test_add1 p1:20,p2:20,r:30
2018-01-22 13:15:11,058 Calc.py __init__ [line:12] INFO Calc init 
2018-01-22 13:15:11,058 Calc.py add [line:16] INFO excute add 
2018-01-22 13:15:11,059 Calc.py add [line:17] INFO param1:20,param2:20
2018-01-22 14:14:10,927 TestJson.py test_add1 [line:20] INFO test_add1 p1:3,p2:4,p3:7
2018-01-22 14:14:10,927 Calc.py __init__ [line:12] INFO Calc init 
2018-01-22 14:14:10,927 Calc.py add [line:16] INFO excute add 
2018-01-22 14:14:10,927 Calc.py add [line:17] INFO param1:3,param2:4
2018-01-22 14:14:10,928 TestJson.py test_add1 [line:20] INFO test_add1 p1:4,p2:5,p3:9
2018-01-22 14:14:10,928 Calc.py __init__ [line:12] INFO Calc init 
2018-01-22 14:14:10,928 Calc.py add [line:16] INFO excute add 
2018-01-22 14:14:10,928 Calc.py add [line:17] INFO param1:4,param2:5
2018-01-22 14:14:10,928 TestJson.py test_add1 [line:20] INFO test_add1 p1:5,p2:6,p3:10
2018-01-22 14:14:10,928 Calc.py __init__ [line:12] INFO Calc init 
2018-01-22 14:14:10,928 Calc.py add [line:16] INFO excute add 
2018-01-22 14:14:10,928 Calc.py add [line:17] INFO param1:5,param2:6
2018-01-22 14:14:10,929 TestYaml.py test_add1 [line:20] INFO test_add1 p1:10,p2:10,r:20
2018-01-22 14:14:10,929 Calc.py __init__ [line:12] INFO Calc init 
2018-01-22 14:14:10,929 Calc.py add [line:16] INFO excute add 
2018-01-22 14:14:10,929 Calc.py add [line:17] INFO param1:10,param2:10
2018-01-22 14:14:10,930 TestYaml.py test_add1 [line:20] INFO test_add1 p1:10,p2:20,r:30
2018-01-22 14:14:10,930 Calc.py __init__ [line:12] INFO Calc init 
2018-01-22 14:14:10,930 Calc.py add [line:16] INFO excute add 
2018-01-22 14:14:10,930 Calc.py add [line:17] INFO param1:10,param2:20
2018-01-22 14:14:10,930 TestYaml.py test_add1 [line:20] INFO test_add1 p1:20,p2:20,r:30
2018-01-22 14:14:10,930 Calc.py __init__ [line:12] INFO Calc init 
2018-01-22 14:14:10,930 Calc.py add [line:16] INFO excute add 
2018-01-22 14:14:10,930 Calc.py add [line:17] INFO param1:20,param2:20
2018-01-22 14:59:27,644 TestJson.py test_add1 [line:20] INFO test_add1 p1:3,p2:4,p3:7
2018-01-22 14:59:27,644 Calc.py __init__ [line:12] INFO Calc init 
2018-01-22 14:59:27,644 Calc.py add [line:16] INFO excute add 
2018-01-22 14:59:27,644 Calc.py add [line:17] INFO param1:3,param2:4
2018-01-22 14:59:27,644 TestJson.py test_add1 [line:20] INFO test_add1 p1:4,p2:5,p3:9
2018-01-22 14:59:27,644 Calc.py __init__ [line:12] INFO Calc init 
2018-01-22 14:59:27,644 Calc.py add [line:16] INFO excute add 
2018-01-22 14:59:27,644 Calc.py add [line:17] INFO param1:4,param2:5
2018-01-22 14:59:27,644 TestJson.py test_add1 [line:20] INFO test_add1 p1:5,p2:6,p3:10
2018-01-22 14:59:27,644 Calc.py __init__ [line:12] INFO Calc init 
2018-01-22 14:59:27,644 Calc.py add [line:16] INFO excute add 
2018-01-22 14:59:27,644 Calc.py add [line:17] INFO param1:5,param2:6
2018-01-22 14:59:27,644 TestYaml.py test_add1 [line:20] INFO test_add1 p1:10,p2:10,r:20
2018-01-22 14:59:27,644 Calc.py __init__ [line:12] INFO Calc init 
2018-01-22 14:59:27,644 Calc.py add [line:16] INFO excute add 
2018-01-22 14:59:27,644 Calc.py add [line:17] INFO param1:10,param2:10
2018-01-22 14:59:27,644 TestYaml.py test_add1 [line:20] INFO test_add1 p1:10,p2:20,r:30
2018-01-22 14:59:27,644 Calc.py __init__ [line:12] INFO Calc init 
2018-01-22 14:59:27,644 Calc.py add [line:16] INFO excute add 
2018-01-22 14:59:27,654 Calc.py add [line:17] INFO param1:10,param2:20
2018-01-22 14:59:27,654 TestYaml.py test_add1 [line:20] INFO test_add1 p1:20,p2:20,r:30
2018-01-22 14:59:27,654 Calc.py __init__ [line:12] INFO Calc init 
2018-01-22 14:59:27,654 Calc.py add [line:16] INFO excute add 
2018-01-22 14:59:27,654 Calc.py add [line:17] INFO param1:20,param2:20
2018-01-22 15:07:49,510 TestJson.py test_add1 [line:20] INFO test_add1 p1:3,p2:4,p3:7
2018-01-22 15:07:49,510 Calc.py __init__ [line:12] INFO Calc init 
2018-01-22 15:07:49,510 Calc.py add [line:16] INFO excute add 
2018-01-22 15:07:49,510 Calc.py add [line:17] INFO param1:3,param2:4
2018-01-22 15:07:49,510 TestJson.py test_add1 [line:20] INFO test_add1 p1:4,p2:5,p3:9
2018-01-22 15:07:49,510 Calc.py __init__ [line:12] INFO Calc init 
2018-01-22 15:07:49,510 Calc.py add [line:16] INFO excute add 
2018-01-22 15:07:49,510 Calc.py add [line:17] INFO param1:4,param2:5
2018-01-22 15:07:49,510 TestJson.py test_add1 [line:20] INFO test_add1 p1:5,p2:6,p3:10
2018-01-22 15:07:49,510 Calc.py __init__ [line:12] INFO Calc init 
2018-01-22 15:07:49,510 Calc.py add [line:16] INFO excute add 
2018-01-22 15:07:49,510 Calc.py add [line:17] INFO param1:5,param2:6
2018-01-22 15:07:49,510 TestYaml.py test_add1 [line:20] INFO test_add1 p1:10,p2:10,r:20
2018-01-22 15:07:49,510 Calc.py __init__ [line:12] INFO Calc init 
2018-01-22 15:07:49,510 Calc.py add [line:16] INFO excute add 
2018-01-22 15:07:49,510 Calc.py add [line:17] INFO param1:10,param2:10
2018-01-22 15:07:49,510 TestYaml.py test_add1 [line:20] INFO test_add1 p1:10,p2:20,r:30
2018-01-22 15:07:49,510 Calc.py __init__ [line:12] INFO Calc init 
2018-01-22 15:07:49,520 Calc.py add [line:16] INFO excute add 
2018-01-22 15:07:49,520 Calc.py add [line:17] INFO param1:10,param2:20
2018-01-22 15:07:49,520 TestYaml.py test_add1 [line:20] INFO test_add1 p1:20,p2:20,r:30
2018-01-22 15:07:49,520 Calc.py __init__ [line:12] INFO Calc init 
2018-01-22 15:07:49,520 Calc.py add [line:16] INFO excute add 
2018-01-22 15:07:49,520 Calc.py add [line:17] INFO param1:20,param2:20
